2016-11-07 13:28:46,984 [Worker-15] INFO  o.e.m.c.i.l.LifecycleMappingFactory - Using org.eclipse.m2e.jdt.JarLifecycleMapping lifecycle mapping for MavenProject: com.soen343:getaroom:1.0-SNAPSHOT @ C:\Users\Sylvain\Documents\Programming\School\SOEN343Project\Workspace\GetARoom\pom.xml.
2016-11-07 13:28:46,984 [Worker-13] INFO  o.e.m.c.i.l.LifecycleMappingFactory - Using org.eclipse.m2e.jdt.JarLifecycleMapping lifecycle mapping for MavenProject: com.soen343:getaroom:1.0-SNAPSHOT @ C:\Users\Sylvain\Documents\Programming\School\SOEN343Project\Workspace\GetARoom\pom.xml.
2016-11-07 13:28:48,984 [Worker-13] INFO  o.e.m.c.i.embedder.EclipseLogger - Using 'UTF-8' encoding to copy filtered resources.
2016-11-07 13:28:48,991 [Worker-13] INFO  o.e.m.c.i.embedder.EclipseLogger - Copying 17 resources
2016-11-07 13:28:49,188 [Worker-13] INFO  o.e.m.c.i.embedder.EclipseLogger - Using 'UTF-8' encoding to copy filtered resources.
2016-11-07 13:28:49,189 [Worker-13] INFO  o.e.m.c.i.embedder.EclipseLogger - Copying 0 resource
2016-11-07 13:28:50,982 [Worker-5] INFO  o.e.m.c.i.l.LifecycleMappingFactory - Using org.eclipse.m2e.jdt.JarLifecycleMapping lifecycle mapping for MavenProject: com.soen343:getaroom:1.0-SNAPSHOT @ C:\Users\Sylvain\Documents\Programming\School\SOEN343Project\Workspace\GetARoom\pom.xml.
2016-11-07 13:28:51,648 [Worker-14] INFO  o.e.m.c.i.embedder.EclipseLogger - Using 'UTF-8' encoding to copy filtered resources.
2016-11-07 13:28:51,653 [Worker-14] INFO  o.e.m.c.i.embedder.EclipseLogger - Copying 17 resources
2016-11-07 13:28:52,053 [Worker-14] INFO  o.e.m.c.i.embedder.EclipseLogger - Using 'UTF-8' encoding to copy filtered resources.
2016-11-07 13:28:52,054 [Worker-14] INFO  o.e.m.c.i.embedder.EclipseLogger - Copying 0 resource
2016-11-07 13:28:54,058 [Worker-9] INFO  o.e.m.c.i.embedder.EclipseLogger - Using 'UTF-8' encoding to copy filtered resources.
2016-11-07 13:28:54,060 [Worker-9] INFO  o.e.m.c.i.embedder.EclipseLogger - Copying 17 resources
2016-11-07 13:28:54,064 [Worker-9] INFO  o.e.m.c.i.embedder.EclipseLogger - Using 'UTF-8' encoding to copy filtered resources.
2016-11-07 13:28:54,064 [Worker-9] INFO  o.e.m.c.i.embedder.EclipseLogger - Copying 0 resource
2016-11-07 13:29:32,724 [Worker-11] INFO  o.e.m.c.i.embedder.EclipseLogger - Using 'UTF-8' encoding to copy filtered resources.
2016-11-07 13:29:32,725 [Worker-11] INFO  o.e.m.c.i.embedder.EclipseLogger - Copying 0 resource
2016-11-07 13:29:32,727 [Worker-11] INFO  o.e.m.c.i.embedder.EclipseLogger - Using 'UTF-8' encoding to copy filtered resources.
2016-11-07 13:29:32,727 [Worker-11] INFO  o.e.m.c.i.embedder.EclipseLogger - Copying 0 resource
2016-11-07 13:29:50,032 [main] INFO  o.e.m2e.actions.ExecutePomAction - Creating new launch configuration
2016-11-07 13:30:38,328 [Worker-0] INFO  o.e.m.c.i.embedder.EclipseLogger - Using 'UTF-8' encoding to copy filtered resources.
2016-11-07 13:30:38,331 [Worker-0] INFO  o.e.m.c.i.embedder.EclipseLogger - Copying 17 resources
2016-11-07 13:30:38,338 [Worker-0] INFO  o.e.m.c.i.embedder.EclipseLogger - Using 'UTF-8' encoding to copy filtered resources.
2016-11-07 13:30:38,339 [Worker-0] INFO  o.e.m.c.i.embedder.EclipseLogger - Copying 0 resource
2016-11-07 13:30:39,378 [Worker-6] INFO  o.e.m.c.i.embedder.EclipseLogger - Using 'UTF-8' encoding to copy filtered resources.
2016-11-07 13:30:39,381 [Worker-6] INFO  o.e.m.c.i.embedder.EclipseLogger - Copying 17 resources
2016-11-07 13:30:39,385 [Worker-6] INFO  o.e.m.c.i.embedder.EclipseLogger - Using 'UTF-8' encoding to copy filtered resources.
2016-11-07 13:30:39,385 [Worker-6] INFO  o.e.m.c.i.embedder.EclipseLogger - Copying 0 resource
2016-11-07 13:30:44,614 [Worker-13] INFO  o.e.m.c.i.embedder.EclipseLogger - Using 'UTF-8' encoding to copy filtered resources.
2016-11-07 13:30:44,616 [Worker-13] INFO  o.e.m.c.i.embedder.EclipseLogger - Copying 17 resources
2016-11-07 13:30:44,624 [Worker-13] INFO  o.e.m.c.i.embedder.EclipseLogger - Using 'UTF-8' encoding to copy filtered resources.
2016-11-07 13:30:44,624 [Worker-13] INFO  o.e.m.c.i.embedder.EclipseLogger - Copying 0 resource
2016-11-07 13:30:52,571 [Worker-7] INFO  o.e.m.c.i.embedder.EclipseLogger - Using 'UTF-8' encoding to copy filtered resources.
2016-11-07 13:30:52,573 [Worker-7] INFO  o.e.m.c.i.embedder.EclipseLogger - Copying 17 resources
2016-11-07 13:30:52,577 [Worker-7] INFO  o.e.m.c.i.embedder.EclipseLogger - Using 'UTF-8' encoding to copy filtered resources.
2016-11-07 13:30:52,577 [Worker-7] INFO  o.e.m.c.i.embedder.EclipseLogger - Copying 0 resource
2016-11-07 13:31:00,086 [main] INFO  o.e.m2e.actions.ExecutePomAction - Using existing launch configuration
2016-11-07 13:32:59,271 [main] INFO  o.e.m2e.actions.ExecutePomAction - Using existing launch configuration
2016-11-07 13:33:06,048 [Worker-19] INFO  o.e.m.i.launch.MavenLaunchDelegate - C:\Users\Sylvain\Documents\Programming\School\SOEN343Project\Workspace\GetARoom
2016-11-07 13:33:06,058 [Worker-19] INFO  o.e.m.i.launch.MavenLaunchDelegate -  mvn -B package
2016-11-07 13:34:29,018 [Worker-12] INFO  o.e.m.c.i.embedder.EclipseLogger - Using 'UTF-8' encoding to copy filtered resources.
2016-11-07 13:34:29,018 [Worker-12] INFO  o.e.m.c.i.embedder.EclipseLogger - Copying 0 resource
2016-11-07 13:34:29,032 [Worker-12] INFO  o.e.m.c.i.embedder.EclipseLogger - Using 'UTF-8' encoding to copy filtered resources.
2016-11-07 13:34:29,041 [Worker-12] INFO  o.e.m.c.i.embedder.EclipseLogger - Copying 0 resource
2016-11-07 13:34:33,089 [main] INFO  o.e.m2e.actions.ExecutePomAction - Using existing launch configuration
2016-11-07 13:34:33,121 [Worker-20] INFO  o.e.m.i.launch.MavenLaunchDelegate - C:\Users\Sylvain\Documents\Programming\School\SOEN343Project\Workspace\GetARoom
2016-11-07 13:34:33,122 [Worker-20] INFO  o.e.m.i.launch.MavenLaunchDelegate -  mvn -B package
2016-11-07 13:35:18,886 [Worker-12] INFO  o.e.m.c.i.p.ProjectConfigurationManager - Update started
2016-11-07 13:35:19,333 [Worker-12] INFO  o.e.m.c.i.l.LifecycleMappingFactory - Using org.eclipse.m2e.jdt.JarLifecycleMapping lifecycle mapping for MavenProject: com.soen343:getaroom:1.0-SNAPSHOT @ C:\Users\Sylvain\Documents\Programming\School\SOEN343Project\Workspace\GetARoom\pom.xml.
2016-11-07 13:35:19,998 [Worker-12] INFO  o.e.m.j.i.AbstractJavaProjectConfigurator - Adding source folder /GetARoom/src/main/java
2016-11-07 13:35:20,005 [Worker-12] INFO  o.e.m.j.i.AbstractJavaProjectConfigurator - Adding resource folder /GetARoom/src/main/resources
2016-11-07 13:35:20,012 [Worker-12] INFO  o.e.m.j.i.AbstractJavaProjectConfigurator - Adding source folder /GetARoom/src/test/java
2016-11-07 13:35:20,022 [Worker-12] INFO  o.e.m.j.i.AbstractJavaProjectConfigurator - Adding resource folder /GetARoom/src/test/resources
2016-11-07 13:35:20,246 [Worker-12] INFO  o.e.m.c.i.p.ProjectConfigurationManager - Update completed: 1 sec
2016-11-07 13:35:20,720 [Worker-12] INFO  o.e.m.c.i.embedder.EclipseLogger - Using 'UTF-8' encoding to copy filtered resources.
2016-11-07 13:35:20,721 [Worker-12] INFO  o.e.m.c.i.embedder.EclipseLogger - Copying 17 resources
2016-11-07 13:35:20,945 [Worker-12] INFO  o.e.m.c.i.embedder.EclipseLogger - Using 'UTF-8' encoding to copy filtered resources.
2016-11-07 13:35:20,946 [Worker-12] INFO  o.e.m.c.i.embedder.EclipseLogger - Copying 0 resource
2016-11-07 13:35:30,541 [main] INFO  o.e.m2e.actions.ExecutePomAction - Creating new launch configuration
2016-11-07 13:35:35,045 [Worker-12] INFO  o.e.m.i.launch.MavenLaunchDelegate - C:\Users\Sylvain\Documents\Programming\School\SOEN343Project\Workspace\GetARoom
2016-11-07 13:35:35,051 [Worker-12] INFO  o.e.m.i.launch.MavenLaunchDelegate -  mvn -B package
2016-11-07 13:37:32,730 [Worker-19] INFO  o.e.m.c.i.l.LifecycleMappingFactory - Using org.eclipse.m2e.jdt.JarLifecycleMapping lifecycle mapping for MavenProject: com.soen343:getaroom:1.0-SNAPSHOT @ C:\Users\Sylvain\Documents\Programming\School\SOEN343Project\Workspace\GetARoom\pom.xml.
2016-11-07 13:37:33,396 [Worker-19] INFO  o.e.m.c.i.embedder.EclipseLogger - Using 'UTF-8' encoding to copy filtered resources.
2016-11-07 13:37:33,407 [Worker-19] INFO  o.e.m.c.i.embedder.EclipseLogger - Copying 0 resource
2016-11-07 13:37:33,416 [Worker-19] INFO  o.e.m.c.i.embedder.EclipseLogger - Using 'UTF-8' encoding to copy filtered resources.
2016-11-07 13:37:33,416 [Worker-19] INFO  o.e.m.c.i.embedder.EclipseLogger - Copying 0 resource
2016-11-07 13:37:34,937 [Worker-24] INFO  o.e.m.c.i.embedder.EclipseLogger - Using 'UTF-8' encoding to copy filtered resources.
2016-11-07 13:37:34,938 [Worker-24] INFO  o.e.m.c.i.embedder.EclipseLogger - Copying 0 resource
2016-11-07 13:37:34,948 [Worker-24] INFO  o.e.m.c.i.embedder.EclipseLogger - Using 'UTF-8' encoding to copy filtered resources.
2016-11-07 13:37:34,957 [Worker-24] INFO  o.e.m.c.i.embedder.EclipseLogger - Copying 0 resource
2016-11-07 13:37:38,792 [main] INFO  o.e.m2e.actions.ExecutePomAction - Creating new launch configuration
2016-11-07 13:37:41,381 [Worker-23] INFO  o.e.m.i.launch.MavenLaunchDelegate - C:\Users\Sylvain\Documents\Programming\School\SOEN343Project\Workspace\GetARoom
2016-11-07 13:37:41,387 [Worker-23] INFO  o.e.m.i.launch.MavenLaunchDelegate -  mvn -B package
2016-11-07 13:41:29,228 [Worker-24] INFO  o.e.m.c.i.embedder.EclipseLogger - Using 'UTF-8' encoding to copy filtered resources.
2016-11-07 13:41:29,230 [Worker-24] INFO  o.e.m.c.i.embedder.EclipseLogger - Copying 17 resources
2016-11-07 13:41:29,242 [Worker-24] INFO  o.e.m.c.i.embedder.EclipseLogger - Using 'UTF-8' encoding to copy filtered resources.
2016-11-07 13:41:29,248 [Worker-24] INFO  o.e.m.c.i.embedder.EclipseLogger - Copying 0 resource
2016-11-07 13:41:30,276 [Worker-28] INFO  o.e.m.c.i.embedder.EclipseLogger - Using 'UTF-8' encoding to copy filtered resources.
2016-11-07 13:41:30,276 [Worker-28] INFO  o.e.m.c.i.embedder.EclipseLogger - Copying 0 resource
2016-11-07 13:41:30,277 [Worker-28] INFO  o.e.m.c.i.embedder.EclipseLogger - Using 'UTF-8' encoding to copy filtered resources.
2016-11-07 13:41:30,285 [Worker-28] INFO  o.e.m.c.i.embedder.EclipseLogger - Copying 0 resource
2016-11-07 13:43:39,688 [Worker-25] INFO  o.e.m.c.i.embedder.EclipseLogger - Using 'UTF-8' encoding to copy filtered resources.
2016-11-07 13:43:39,691 [Worker-25] INFO  o.e.m.c.i.embedder.EclipseLogger - Copying 17 resources
2016-11-07 13:43:39,701 [Worker-25] INFO  o.e.m.c.i.embedder.EclipseLogger - Using 'UTF-8' encoding to copy filtered resources.
2016-11-07 13:43:39,706 [Worker-25] INFO  o.e.m.c.i.embedder.EclipseLogger - Copying 0 resource
2016-11-07 13:44:29,751 [Worker-30] INFO  o.e.m.c.i.embedder.EclipseLogger - Using 'UTF-8' encoding to copy filtered resources.
2016-11-07 13:44:29,753 [Worker-30] INFO  o.e.m.c.i.embedder.EclipseLogger - Copying 17 resources
2016-11-07 13:44:29,757 [Worker-30] INFO  o.e.m.c.i.embedder.EclipseLogger - Using 'UTF-8' encoding to copy filtered resources.
2016-11-07 13:44:29,762 [Worker-30] INFO  o.e.m.c.i.embedder.EclipseLogger - Copying 0 resource
2016-11-07 13:44:53,637 [Worker-29] INFO  o.e.m.c.i.embedder.EclipseLogger - Using 'UTF-8' encoding to copy filtered resources.
2016-11-07 13:44:53,638 [Worker-29] INFO  o.e.m.c.i.embedder.EclipseLogger - Copying 17 resources
2016-11-07 13:44:53,645 [Worker-29] INFO  o.e.m.c.i.embedder.EclipseLogger - Using 'UTF-8' encoding to copy filtered resources.
2016-11-07 13:44:53,651 [Worker-29] INFO  o.e.m.c.i.embedder.EclipseLogger - Copying 0 resource
2016-11-07 13:46:26,825 [Worker-28] INFO  o.e.m.c.i.embedder.EclipseLogger - Using 'UTF-8' encoding to copy filtered resources.
2016-11-07 13:46:26,827 [Worker-28] INFO  o.e.m.c.i.embedder.EclipseLogger - Copying 17 resources
2016-11-07 13:46:26,830 [Worker-28] INFO  o.e.m.c.i.embedder.EclipseLogger - Using 'UTF-8' encoding to copy filtered resources.
2016-11-07 13:46:26,834 [Worker-28] INFO  o.e.m.c.i.embedder.EclipseLogger - Copying 0 resource
2016-11-07 13:46:33,752 [Worker-29] INFO  o.e.m.c.i.embedder.EclipseLogger - Using 'UTF-8' encoding to copy filtered resources.
2016-11-07 13:46:33,754 [Worker-29] INFO  o.e.m.c.i.embedder.EclipseLogger - Copying 17 resources
2016-11-07 13:46:33,759 [Worker-29] INFO  o.e.m.c.i.embedder.EclipseLogger - Using 'UTF-8' encoding to copy filtered resources.
2016-11-07 13:46:33,763 [Worker-29] INFO  o.e.m.c.i.embedder.EclipseLogger - Copying 0 resource
2016-11-07 13:47:09,589 [Worker-25] INFO  o.e.m.c.i.embedder.EclipseLogger - Using 'UTF-8' encoding to copy filtered resources.
2016-11-07 13:47:09,589 [Worker-25] INFO  o.e.m.c.i.embedder.EclipseLogger - Copying 0 resource
2016-11-07 13:47:09,590 [Worker-25] INFO  o.e.m.c.i.embedder.EclipseLogger - Using 'UTF-8' encoding to copy filtered resources.
2016-11-07 13:47:09,594 [Worker-25] INFO  o.e.m.c.i.embedder.EclipseLogger - Copying 0 resource
2016-11-07 13:49:23,238 [main] INFO  o.e.m2e.actions.ExecutePomAction - Creating new launch configuration
2016-11-07 13:49:27,342 [Worker-30] INFO  o.e.m.i.launch.MavenLaunchDelegate - C:\Users\Sylvain\Documents\Programming\School\SOEN343Project\Workspace\GetARoom
2016-11-07 13:49:27,348 [Worker-30] INFO  o.e.m.i.launch.MavenLaunchDelegate -  mvn -B package
2016-11-07 13:54:17,332 [Worker-23] INFO  o.e.m.c.i.embedder.EclipseLogger - Using 'UTF-8' encoding to copy filtered resources.
2016-11-07 13:54:17,335 [Worker-23] INFO  o.e.m.c.i.embedder.EclipseLogger - Copying 17 resources
2016-11-07 13:54:17,343 [Worker-23] INFO  o.e.m.c.i.embedder.EclipseLogger - Using 'UTF-8' encoding to copy filtered resources.
2016-11-07 13:54:17,347 [Worker-23] INFO  o.e.m.c.i.embedder.EclipseLogger - Copying 0 resource
2016-11-07 13:54:18,431 [Worker-38] INFO  o.e.m.c.i.embedder.EclipseLogger - Using 'UTF-8' encoding to copy filtered resources.
2016-11-07 13:54:18,432 [Worker-38] INFO  o.e.m.c.i.embedder.EclipseLogger - Copying 0 resource
2016-11-07 13:54:18,433 [Worker-38] INFO  o.e.m.c.i.embedder.EclipseLogger - Using 'UTF-8' encoding to copy filtered resources.
2016-11-07 13:54:18,433 [Worker-38] INFO  o.e.m.c.i.embedder.EclipseLogger - Copying 0 resource
2016-11-07 13:54:34,890 [Worker-28] INFO  o.e.m.c.i.embedder.EclipseLogger - Using 'UTF-8' encoding to copy filtered resources.
2016-11-07 13:54:34,892 [Worker-28] INFO  o.e.m.c.i.embedder.EclipseLogger - Copying 17 resources
2016-11-07 13:54:34,898 [Worker-28] INFO  o.e.m.c.i.embedder.EclipseLogger - Using 'UTF-8' encoding to copy filtered resources.
2016-11-07 13:54:34,898 [Worker-28] INFO  o.e.m.c.i.embedder.EclipseLogger - Copying 0 resource
2016-11-07 13:57:07,768 [Worker-38] INFO  o.e.m.c.i.embedder.EclipseLogger - Using 'UTF-8' encoding to copy filtered resources.
2016-11-07 13:57:07,770 [Worker-38] INFO  o.e.m.c.i.embedder.EclipseLogger - Copying 17 resources
2016-11-07 13:57:07,772 [Worker-38] INFO  o.e.m.c.i.embedder.EclipseLogger - Using 'UTF-8' encoding to copy filtered resources.
2016-11-07 13:57:07,773 [Worker-38] INFO  o.e.m.c.i.embedder.EclipseLogger - Copying 0 resource
2016-11-07 13:57:17,849 [Worker-41] INFO  o.e.m.c.i.embedder.EclipseLogger - Using 'UTF-8' encoding to copy filtered resources.
2016-11-07 13:57:17,852 [Worker-41] INFO  o.e.m.c.i.embedder.EclipseLogger - Copying 17 resources
2016-11-07 13:57:17,858 [Worker-41] INFO  o.e.m.c.i.embedder.EclipseLogger - Using 'UTF-8' encoding to copy filtered resources.
2016-11-07 13:57:17,858 [Worker-41] INFO  o.e.m.c.i.embedder.EclipseLogger - Copying 0 resource
2016-11-07 13:58:14,033 [Worker-38] INFO  o.e.m.c.i.embedder.EclipseLogger - Using 'UTF-8' encoding to copy filtered resources.
2016-11-07 13:58:14,035 [Worker-38] INFO  o.e.m.c.i.embedder.EclipseLogger - Copying 17 resources
2016-11-07 13:58:14,038 [Worker-38] INFO  o.e.m.c.i.embedder.EclipseLogger - Using 'UTF-8' encoding to copy filtered resources.
2016-11-07 13:58:14,039 [Worker-38] INFO  o.e.m.c.i.embedder.EclipseLogger - Copying 0 resource
2016-11-07 13:58:27,215 [Worker-42] INFO  o.e.m.c.i.embedder.EclipseLogger - Using 'UTF-8' encoding to copy filtered resources.
2016-11-07 13:58:27,217 [Worker-42] INFO  o.e.m.c.i.embedder.EclipseLogger - Copying 17 resources
2016-11-07 13:58:27,224 [Worker-42] INFO  o.e.m.c.i.embedder.EclipseLogger - Using 'UTF-8' encoding to copy filtered resources.
2016-11-07 13:58:27,225 [Worker-42] INFO  o.e.m.c.i.embedder.EclipseLogger - Copying 0 resource
2016-11-07 14:04:11,593 [Worker-44] INFO  o.e.m.c.i.embedder.EclipseLogger - Using 'UTF-8' encoding to copy filtered resources.
2016-11-07 14:04:11,595 [Worker-44] INFO  o.e.m.c.i.embedder.EclipseLogger - Copying 17 resources
2016-11-07 14:04:11,597 [Worker-44] INFO  o.e.m.c.i.embedder.EclipseLogger - Using 'UTF-8' encoding to copy filtered resources.
2016-11-07 14:04:11,597 [Worker-44] INFO  o.e.m.c.i.embedder.EclipseLogger - Copying 0 resource
2016-11-07 14:06:14,355 [Worker-23] INFO  o.e.m.c.i.embedder.EclipseLogger - Using 'UTF-8' encoding to copy filtered resources.
2016-11-07 14:06:14,357 [Worker-23] INFO  o.e.m.c.i.embedder.EclipseLogger - Copying 17 resources
2016-11-07 14:06:14,363 [Worker-23] INFO  o.e.m.c.i.embedder.EclipseLogger - Using 'UTF-8' encoding to copy filtered resources.
2016-11-07 14:06:14,363 [Worker-23] INFO  o.e.m.c.i.embedder.EclipseLogger - Copying 0 resource
2016-11-07 14:06:15,401 [Worker-50] INFO  o.e.m.c.i.embedder.EclipseLogger - Using 'UTF-8' encoding to copy filtered resources.
2016-11-07 14:06:15,403 [Worker-50] INFO  o.e.m.c.i.embedder.EclipseLogger - Copying 17 resources
2016-11-07 14:06:15,405 [Worker-50] INFO  o.e.m.c.i.embedder.EclipseLogger - Using 'UTF-8' encoding to copy filtered resources.
2016-11-07 14:06:15,405 [Worker-50] INFO  o.e.m.c.i.embedder.EclipseLogger - Copying 0 resource
2016-11-07 14:06:43,449 [Worker-51] INFO  o.e.m.c.i.embedder.EclipseLogger - Using 'UTF-8' encoding to copy filtered resources.
2016-11-07 14:06:43,451 [Worker-51] INFO  o.e.m.c.i.embedder.EclipseLogger - Copying 17 resources
2016-11-07 14:06:43,457 [Worker-51] INFO  o.e.m.c.i.embedder.EclipseLogger - Using 'UTF-8' encoding to copy filtered resources.
2016-11-07 14:06:43,457 [Worker-51] INFO  o.e.m.c.i.embedder.EclipseLogger - Copying 0 resource
2016-11-07 14:06:54,857 [Worker-49] INFO  o.e.m.c.i.embedder.EclipseLogger - Using 'UTF-8' encoding to copy filtered resources.
2016-11-07 14:06:54,864 [Worker-49] INFO  o.e.m.c.i.embedder.EclipseLogger - Copying 17 resources
2016-11-07 14:06:54,873 [Worker-49] INFO  o.e.m.c.i.embedder.EclipseLogger - Using 'UTF-8' encoding to copy filtered resources.
2016-11-07 14:06:54,874 [Worker-49] INFO  o.e.m.c.i.embedder.EclipseLogger - Copying 0 resource
2016-11-07 14:07:14,228 [Worker-23] INFO  o.e.m.c.i.embedder.EclipseLogger - Using 'UTF-8' encoding to copy filtered resources.
2016-11-07 14:07:14,229 [Worker-23] INFO  o.e.m.c.i.embedder.EclipseLogger - Copying 17 resources
2016-11-07 14:07:14,235 [Worker-23] INFO  o.e.m.c.i.embedder.EclipseLogger - Using 'UTF-8' encoding to copy filtered resources.
2016-11-07 14:07:14,235 [Worker-23] INFO  o.e.m.c.i.embedder.EclipseLogger - Copying 0 resource
2016-11-07 14:07:16,354 [Worker-48] INFO  o.e.m.c.i.embedder.EclipseLogger - Using 'UTF-8' encoding to copy filtered resources.
2016-11-07 14:07:16,356 [Worker-48] INFO  o.e.m.c.i.embedder.EclipseLogger - Copying 17 resources
2016-11-07 14:07:16,357 [Worker-48] INFO  o.e.m.c.i.embedder.EclipseLogger - Using 'UTF-8' encoding to copy filtered resources.
2016-11-07 14:07:16,358 [Worker-48] INFO  o.e.m.c.i.embedder.EclipseLogger - Copying 0 resource
2016-11-07 14:07:53,575 [Worker-46] INFO  o.e.m.c.i.l.LifecycleMappingFactory - Using org.eclipse.m2e.jdt.JarLifecycleMapping lifecycle mapping for MavenProject: com.soen343:getaroom:1.0-SNAPSHOT @ C:\Users\Sylvain\Documents\Programming\School\SOEN343Project\Workspace\GetARoom\pom.xml.
2016-11-07 14:07:54,088 [Worker-46] INFO  o.e.m.c.i.e.AbstractTransferListenerAdapter - Downloaded https://repo.maven.apache.org/maven2/io/dropwizard-bundles/dropwizard-assets-bundle/1.0.0/dropwizard-assets-bundle-1.0.0.pom
2016-11-07 14:07:54,098 [Worker-46] WARN  o.e.m.c.i.embedder.EclipseLogger - The POM for io.dropwizard-bundles:dropwizard-assets-bundle:jar:1.0.0 is missing, no dependency information available
2016-11-07 14:07:54,241 [Worker-46] INFO  o.e.m.c.i.e.AbstractTransferListenerAdapter - Downloaded https://repo.maven.apache.org/maven2/io/dropwizard-bundles/dropwizard-assets-bundle/1.0.0/dropwizard-assets-bundle-1.0.0.jar
2016-11-07 14:07:54,674 [Worker-46] INFO  o.e.m.c.i.embedder.EclipseLogger - Using 'UTF-8' encoding to copy filtered resources.
2016-11-07 14:07:54,676 [Worker-46] INFO  o.e.m.c.i.embedder.EclipseLogger - Copying 0 resource
2016-11-07 14:07:54,682 [Worker-46] INFO  o.e.m.c.i.embedder.EclipseLogger - Using 'UTF-8' encoding to copy filtered resources.
2016-11-07 14:07:54,682 [Worker-46] INFO  o.e.m.c.i.embedder.EclipseLogger - Copying 0 resource
2016-11-07 14:08:20,609 [Worker-52] INFO  o.e.m.c.i.p.ProjectConfigurationManager - Update started
2016-11-07 14:08:20,895 [Worker-52] INFO  o.e.m.c.i.l.LifecycleMappingFactory - Using org.eclipse.m2e.jdt.JarLifecycleMapping lifecycle mapping for MavenProject: com.soen343:getaroom:1.0-SNAPSHOT @ C:\Users\Sylvain\Documents\Programming\School\SOEN343Project\Workspace\GetARoom\pom.xml.
2016-11-07 14:08:21,104 [Worker-52] WARN  o.e.m.c.i.embedder.EclipseLogger - The POM for io.dropwizard-bundles:dropwizard-assets-bundle:jar:1.0.0 is missing, no dependency information available
2016-11-07 14:08:21,354 [Worker-52] INFO  o.e.m.j.i.AbstractJavaProjectConfigurator - Adding source folder /GetARoom/src/main/java
2016-11-07 14:08:21,358 [Worker-52] INFO  o.e.m.j.i.AbstractJavaProjectConfigurator - Adding resource folder /GetARoom/src/main/resources
2016-11-07 14:08:21,362 [Worker-52] INFO  o.e.m.j.i.AbstractJavaProjectConfigurator - Adding source folder /GetARoom/src/test/java
2016-11-07 14:08:21,365 [Worker-52] INFO  o.e.m.j.i.AbstractJavaProjectConfigurator - Adding resource folder /GetARoom/src/test/resources
2016-11-07 14:08:21,550 [Worker-52] INFO  o.e.m.c.i.p.ProjectConfigurationManager - Update completed: 0 sec
2016-11-07 14:08:21,949 [Worker-23] WARN  o.e.m.c.i.embedder.EclipseLogger - The POM for io.dropwizard-bundles:dropwizard-assets-bundle:jar:1.0.0 is missing, no dependency information available
2016-11-07 14:08:21,982 [Worker-23] INFO  o.e.m.c.i.embedder.EclipseLogger - Using 'UTF-8' encoding to copy filtered resources.
2016-11-07 14:08:21,983 [Worker-23] INFO  o.e.m.c.i.embedder.EclipseLogger - Copying 17 resources
2016-11-07 14:08:22,135 [Worker-23] INFO  o.e.m.c.i.embedder.EclipseLogger - Using 'UTF-8' encoding to copy filtered resources.
2016-11-07 14:08:22,138 [Worker-23] INFO  o.e.m.c.i.embedder.EclipseLogger - Copying 0 resource
2016-11-07 14:08:53,775 [Worker-52] INFO  o.e.m.c.i.l.LifecycleMappingFactory - Using org.eclipse.m2e.jdt.JarLifecycleMapping lifecycle mapping for MavenProject: com.soen343:getaroom:1.0-SNAPSHOT @ C:\Users\Sylvain\Documents\Programming\School\SOEN343Project\Workspace\GetARoom\pom.xml.
2016-11-07 14:08:54,095 [Worker-52] INFO  o.e.m.c.i.e.AbstractTransferListenerAdapter - Downloaded https://repo.maven.apache.org/maven2/io/dropwizard-bundles/dropwizard-assets/1.0.0/dropwizard-assets-1.0.0.pom
2016-11-07 14:08:54,099 [Worker-52] WARN  o.e.m.c.i.embedder.EclipseLogger - The POM for io.dropwizard-bundles:dropwizard-assets:jar:1.0.0 is missing, no dependency information available
2016-11-07 14:08:54,264 [Worker-52] INFO  o.e.m.c.i.e.AbstractTransferListenerAdapter - Downloaded https://repo.maven.apache.org/maven2/io/dropwizard-bundles/dropwizard-assets/1.0.0/dropwizard-assets-1.0.0.jar
2016-11-07 14:08:54,509 [Worker-52] INFO  o.e.m.c.i.embedder.EclipseLogger - Using 'UTF-8' encoding to copy filtered resources.
2016-11-07 14:08:54,516 [Worker-52] INFO  o.e.m.c.i.embedder.EclipseLogger - Copying 0 resource
2016-11-07 14:08:54,522 [Worker-52] INFO  o.e.m.c.i.embedder.EclipseLogger - Using 'UTF-8' encoding to copy filtered resources.
2016-11-07 14:08:54,526 [Worker-52] INFO  o.e.m.c.i.embedder.EclipseLogger - Copying 0 resource
2016-11-07 14:09:00,519 [Worker-23] INFO  o.e.m.c.i.p.ProjectConfigurationManager - Update started
2016-11-07 14:09:00,914 [Worker-23] INFO  o.e.m.c.i.l.LifecycleMappingFactory - Using org.eclipse.m2e.jdt.JarLifecycleMapping lifecycle mapping for MavenProject: com.soen343:getaroom:1.0-SNAPSHOT @ C:\Users\Sylvain\Documents\Programming\School\SOEN343Project\Workspace\GetARoom\pom.xml.
2016-11-07 14:09:01,094 [Worker-23] WARN  o.e.m.c.i.embedder.EclipseLogger - The POM for io.dropwizard-bundles:dropwizard-assets:jar:1.0.0 is missing, no dependency information available
2016-11-07 14:09:01,284 [Worker-23] INFO  o.e.m.j.i.AbstractJavaProjectConfigurator - Adding source folder /GetARoom/src/main/java
2016-11-07 14:09:01,287 [Worker-23] INFO  o.e.m.j.i.AbstractJavaProjectConfigurator - Adding resource folder /GetARoom/src/main/resources
2016-11-07 14:09:01,290 [Worker-23] INFO  o.e.m.j.i.AbstractJavaProjectConfigurator - Adding source folder /GetARoom/src/test/java
2016-11-07 14:09:01,290 [Worker-23] INFO  o.e.m.j.i.AbstractJavaProjectConfigurator - Adding resource folder /GetARoom/src/test/resources
2016-11-07 14:09:01,446 [Worker-23] INFO  o.e.m.c.i.p.ProjectConfigurationManager - Update completed: 0 sec
2016-11-07 14:09:01,817 [Worker-23] WARN  o.e.m.c.i.embedder.EclipseLogger - The POM for io.dropwizard-bundles:dropwizard-assets:jar:1.0.0 is missing, no dependency information available
2016-11-07 14:09:01,844 [Worker-23] INFO  o.e.m.c.i.embedder.EclipseLogger - Using 'UTF-8' encoding to copy filtered resources.
2016-11-07 14:09:01,845 [Worker-23] INFO  o.e.m.c.i.embedder.EclipseLogger - Copying 17 resources
2016-11-07 14:09:01,978 [Worker-23] INFO  o.e.m.c.i.embedder.EclipseLogger - Using 'UTF-8' encoding to copy filtered resources.
2016-11-07 14:09:01,979 [Worker-23] INFO  o.e.m.c.i.embedder.EclipseLogger - Copying 0 resource
2016-11-07 14:09:39,090 [Worker-49] INFO  o.e.m.c.i.l.LifecycleMappingFactory - Using org.eclipse.m2e.jdt.JarLifecycleMapping lifecycle mapping for MavenProject: com.soen343:getaroom:1.0-SNAPSHOT @ C:\Users\Sylvain\Documents\Programming\School\SOEN343Project\Workspace\GetARoom\pom.xml.
2016-11-07 14:09:39,295 [Worker-49] WARN  o.e.m.c.i.embedder.EclipseLogger - The POM for io.dropwizard-bundles:dropwizard-assets:jar:1.0.0 is missing, no dependency information available
2016-11-07 14:09:39,529 [Worker-49] INFO  o.e.m.c.i.embedder.EclipseLogger - Using 'UTF-8' encoding to copy filtered resources.
2016-11-07 14:09:39,534 [Worker-49] INFO  o.e.m.c.i.embedder.EclipseLogger - Copying 0 resource
2016-11-07 14:09:39,539 [Worker-49] INFO  o.e.m.c.i.embedder.EclipseLogger - Using 'UTF-8' encoding to copy filtered resources.
2016-11-07 14:09:39,540 [Worker-49] INFO  o.e.m.c.i.embedder.EclipseLogger - Copying 0 resource
2016-11-07 14:09:52,870 [Worker-48] INFO  o.e.m.c.i.p.ProjectConfigurationManager - Update started
2016-11-07 14:09:53,206 [Worker-48] INFO  o.e.m.c.i.l.LifecycleMappingFactory - Using org.eclipse.m2e.jdt.JarLifecycleMapping lifecycle mapping for MavenProject: com.soen343:getaroom:1.0-SNAPSHOT @ C:\Users\Sylvain\Documents\Programming\School\SOEN343Project\Workspace\GetARoom\pom.xml.
2016-11-07 14:09:53,401 [Worker-48] WARN  o.e.m.c.i.embedder.EclipseLogger - The POM for io.dropwizard-bundles:dropwizard-assets:jar:1.0.0 is missing, no dependency information available
2016-11-07 14:09:53,618 [Worker-48] INFO  o.e.m.j.i.AbstractJavaProjectConfigurator - Adding source folder /GetARoom/src/main/java
2016-11-07 14:09:53,621 [Worker-48] INFO  o.e.m.j.i.AbstractJavaProjectConfigurator - Adding resource folder /GetARoom/src/main/resources
2016-11-07 14:09:53,624 [Worker-48] INFO  o.e.m.j.i.AbstractJavaProjectConfigurator - Adding source folder /GetARoom/src/test/java
2016-11-07 14:09:53,628 [Worker-48] INFO  o.e.m.j.i.AbstractJavaProjectConfigurator - Adding resource folder /GetARoom/src/test/resources
2016-11-07 14:09:53,744 [Worker-48] INFO  o.e.m.c.i.p.ProjectConfigurationManager - Update completed: 0 sec
2016-11-07 14:09:54,043 [Worker-48] WARN  o.e.m.c.i.embedder.EclipseLogger - The POM for io.dropwizard-bundles:dropwizard-assets:jar:1.0.0 is missing, no dependency information available
2016-11-07 14:09:54,072 [Worker-48] INFO  o.e.m.c.i.embedder.EclipseLogger - Using 'UTF-8' encoding to copy filtered resources.
2016-11-07 14:09:54,072 [Worker-48] INFO  o.e.m.c.i.embedder.EclipseLogger - Copying 17 resources
2016-11-07 14:09:54,249 [Worker-48] INFO  o.e.m.c.i.embedder.EclipseLogger - Using 'UTF-8' encoding to copy filtered resources.
2016-11-07 14:09:54,253 [Worker-48] INFO  o.e.m.c.i.embedder.EclipseLogger - Copying 0 resource
2016-11-07 14:10:34,760 [Worker-49] INFO  o.e.m.c.i.l.LifecycleMappingFactory - Using org.eclipse.m2e.jdt.JarLifecycleMapping lifecycle mapping for MavenProject: com.soen343:getaroom:1.0-SNAPSHOT @ C:\Users\Sylvain\Documents\Programming\School\SOEN343Project\Workspace\GetARoom\pom.xml.
2016-11-07 14:10:35,098 [Worker-49] INFO  o.e.m.c.i.e.AbstractTransferListenerAdapter - Downloading https://repo.maven.apache.org/maven2/io/dropwizard/dropwizard-assets/1.0.0/dropwizard-assets-1.0.0.pom
2016-11-07 14:10:35,141 [Worker-49] INFO  o.e.m.c.i.e.AbstractTransferListenerAdapter - Downloaded https://repo.maven.apache.org/maven2/io/dropwizard/dropwizard-assets/1.0.0/dropwizard-assets-1.0.0.pom
2016-11-07 14:10:35,214 [Worker-49] INFO  o.e.m.c.i.e.AbstractTransferListenerAdapter - Downloading https://repo.maven.apache.org/maven2/io/dropwizard/dropwizard-assets/1.0.0/dropwizard-assets-1.0.0.jar
2016-11-07 14:10:35,250 [Worker-49] INFO  o.e.m.c.i.e.AbstractTransferListenerAdapter - Downloaded https://repo.maven.apache.org/maven2/io/dropwizard/dropwizard-assets/1.0.0/dropwizard-assets-1.0.0.jar
2016-11-07 14:10:35,753 [Worker-49] INFO  o.e.m.c.i.embedder.EclipseLogger - Using 'UTF-8' encoding to copy filtered resources.
2016-11-07 14:10:35,757 [Worker-49] INFO  o.e.m.c.i.embedder.EclipseLogger - Copying 0 resource
2016-11-07 14:10:35,761 [Worker-49] INFO  o.e.m.c.i.embedder.EclipseLogger - Using 'UTF-8' encoding to copy filtered resources.
2016-11-07 14:10:35,761 [Worker-49] INFO  o.e.m.c.i.embedder.EclipseLogger - Copying 0 resource
2016-11-07 14:10:37,390 [Worker-48] INFO  o.e.m.c.i.embedder.EclipseLogger - Using 'UTF-8' encoding to copy filtered resources.
2016-11-07 14:10:37,392 [Worker-48] INFO  o.e.m.c.i.embedder.EclipseLogger - Copying 17 resources
2016-11-07 14:10:37,530 [Worker-48] INFO  o.e.m.c.i.embedder.EclipseLogger - Using 'UTF-8' encoding to copy filtered resources.
2016-11-07 14:10:37,534 [Worker-48] INFO  o.e.m.c.i.embedder.EclipseLogger - Copying 0 resource
2016-11-07 14:10:56,993 [Worker-50] INFO  o.e.m.c.i.l.LifecycleMappingFactory - Using org.eclipse.m2e.jdt.JarLifecycleMapping lifecycle mapping for MavenProject: com.soen343:getaroom:1.0-SNAPSHOT @ C:\Users\Sylvain\Documents\Programming\School\SOEN343Project\Workspace\GetARoom\pom.xml.
2016-11-07 14:10:57,388 [Worker-50] INFO  o.e.m.c.i.embedder.EclipseLogger - Using 'UTF-8' encoding to copy filtered resources.
2016-11-07 14:10:57,392 [Worker-50] INFO  o.e.m.c.i.embedder.EclipseLogger - Copying 0 resource
2016-11-07 14:10:57,396 [Worker-50] INFO  o.e.m.c.i.embedder.EclipseLogger - Using 'UTF-8' encoding to copy filtered resources.
2016-11-07 14:10:57,400 [Worker-50] INFO  o.e.m.c.i.embedder.EclipseLogger - Copying 0 resource
2016-11-07 14:10:59,003 [Worker-49] INFO  o.e.m.c.i.embedder.EclipseLogger - Using 'UTF-8' encoding to copy filtered resources.
2016-11-07 14:10:59,008 [Worker-49] INFO  o.e.m.c.i.embedder.EclipseLogger - Copying 17 resources
2016-11-07 14:10:59,157 [Worker-49] INFO  o.e.m.c.i.embedder.EclipseLogger - Using 'UTF-8' encoding to copy filtered resources.
2016-11-07 14:10:59,160 [Worker-49] INFO  o.e.m.c.i.embedder.EclipseLogger - Copying 0 resource
2016-11-07 14:11:02,971 [Worker-52] INFO  o.e.m.c.i.p.ProjectConfigurationManager - Update started
2016-11-07 14:11:03,230 [Worker-52] INFO  o.e.m.c.i.l.LifecycleMappingFactory - Using org.eclipse.m2e.jdt.JarLifecycleMapping lifecycle mapping for MavenProject: com.soen343:getaroom:1.0-SNAPSHOT @ C:\Users\Sylvain\Documents\Programming\School\SOEN343Project\Workspace\GetARoom\pom.xml.
2016-11-07 14:11:03,553 [Worker-52] INFO  o.e.m.j.i.AbstractJavaProjectConfigurator - Adding source folder /GetARoom/src/main/java
2016-11-07 14:11:03,556 [Worker-52] INFO  o.e.m.j.i.AbstractJavaProjectConfigurator - Adding resource folder /GetARoom/src/main/resources
2016-11-07 14:11:03,560 [Worker-52] INFO  o.e.m.j.i.AbstractJavaProjectConfigurator - Adding source folder /GetARoom/src/test/java
2016-11-07 14:11:03,563 [Worker-52] INFO  o.e.m.j.i.AbstractJavaProjectConfigurator - Adding resource folder /GetARoom/src/test/resources
2016-11-07 14:11:03,749 [Worker-52] INFO  o.e.m.c.i.p.ProjectConfigurationManager - Update completed: 0 sec
2016-11-07 14:11:04,093 [Worker-51] INFO  o.e.m.c.i.embedder.EclipseLogger - Using 'UTF-8' encoding to copy filtered resources.
2016-11-07 14:11:04,094 [Worker-51] INFO  o.e.m.c.i.embedder.EclipseLogger - Copying 17 resources
2016-11-07 14:11:04,272 [Worker-51] INFO  o.e.m.c.i.embedder.EclipseLogger - Using 'UTF-8' encoding to copy filtered resources.
2016-11-07 14:11:04,272 [Worker-51] INFO  o.e.m.c.i.embedder.EclipseLogger - Copying 0 resource
2016-11-07 14:11:23,474 [Worker-48] INFO  o.e.m.c.i.embedder.EclipseLogger - Using 'UTF-8' encoding to copy filtered resources.
2016-11-07 14:11:23,477 [Worker-48] INFO  o.e.m.c.i.embedder.EclipseLogger - Copying 17 resources
2016-11-07 14:11:23,482 [Worker-48] INFO  o.e.m.c.i.embedder.EclipseLogger - Using 'UTF-8' encoding to copy filtered resources.
2016-11-07 14:11:23,486 [Worker-48] INFO  o.e.m.c.i.embedder.EclipseLogger - Copying 0 resource
2016-11-07 14:11:31,972 [Worker-48] INFO  o.e.m.c.i.embedder.EclipseLogger - Using 'UTF-8' encoding to copy filtered resources.
2016-11-07 14:11:31,974 [Worker-48] INFO  o.e.m.c.i.embedder.EclipseLogger - Copying 17 resources
2016-11-07 14:11:31,979 [Worker-48] INFO  o.e.m.c.i.embedder.EclipseLogger - Using 'UTF-8' encoding to copy filtered resources.
2016-11-07 14:11:31,982 [Worker-48] INFO  o.e.m.c.i.embedder.EclipseLogger - Copying 0 resource
2016-11-07 14:11:40,471 [Worker-52] INFO  o.e.m.c.i.embedder.EclipseLogger - Using 'UTF-8' encoding to copy filtered resources.
2016-11-07 14:11:40,473 [Worker-52] INFO  o.e.m.c.i.embedder.EclipseLogger - Copying 17 resources
2016-11-07 14:11:40,481 [Worker-52] INFO  o.e.m.c.i.embedder.EclipseLogger - Using 'UTF-8' encoding to copy filtered resources.
2016-11-07 14:11:40,486 [Worker-52] INFO  o.e.m.c.i.embedder.EclipseLogger - Copying 0 resource
2016-11-07 14:12:24,653 [Worker-53] INFO  o.e.m.c.i.l.LifecycleMappingFactory - Using org.eclipse.m2e.jdt.JarLifecycleMapping lifecycle mapping for MavenProject: com.soen343:getaroom:1.0-SNAPSHOT @ C:\Users\Sylvain\Documents\Programming\School\SOEN343Project\Workspace\GetARoom\pom.xml.
2016-11-07 14:12:25,022 [Worker-53] INFO  o.e.m.c.i.embedder.EclipseLogger - Using 'UTF-8' encoding to copy filtered resources.
2016-11-07 14:12:25,027 [Worker-53] INFO  o.e.m.c.i.embedder.EclipseLogger - Copying 0 resource
2016-11-07 14:12:25,031 [Worker-53] INFO  o.e.m.c.i.embedder.EclipseLogger - Using 'UTF-8' encoding to copy filtered resources.
2016-11-07 14:12:25,035 [Worker-53] INFO  o.e.m.c.i.embedder.EclipseLogger - Copying 0 resource
2016-11-07 14:12:26,564 [Worker-53] INFO  o.e.m.c.i.embedder.EclipseLogger - Using 'UTF-8' encoding to copy filtered resources.
2016-11-07 14:12:26,570 [Worker-53] INFO  o.e.m.c.i.embedder.EclipseLogger - Copying 17 resources
2016-11-07 14:12:26,709 [Worker-53] INFO  o.e.m.c.i.embedder.EclipseLogger - Using 'UTF-8' encoding to copy filtered resources.
2016-11-07 14:12:26,714 [Worker-53] INFO  o.e.m.c.i.embedder.EclipseLogger - Copying 0 resource
2016-11-07 14:12:31,322 [Worker-52] INFO  o.e.m.c.i.p.ProjectConfigurationManager - Update started
2016-11-07 14:12:31,615 [Worker-52] INFO  o.e.m.c.i.l.LifecycleMappingFactory - Using org.eclipse.m2e.jdt.JarLifecycleMapping lifecycle mapping for MavenProject: com.soen343:getaroom:1.0-SNAPSHOT @ C:\Users\Sylvain\Documents\Programming\School\SOEN343Project\Workspace\GetARoom\pom.xml.
2016-11-07 14:12:31,966 [Worker-52] INFO  o.e.m.j.i.AbstractJavaProjectConfigurator - Adding source folder /GetARoom/src/main/java
2016-11-07 14:12:31,971 [Worker-52] INFO  o.e.m.j.i.AbstractJavaProjectConfigurator - Adding resource folder /GetARoom/src/main/resources
2016-11-07 14:12:31,976 [Worker-52] INFO  o.e.m.j.i.AbstractJavaProjectConfigurator - Adding source folder /GetARoom/src/test/java
2016-11-07 14:12:31,980 [Worker-52] INFO  o.e.m.j.i.AbstractJavaProjectConfigurator - Adding resource folder /GetARoom/src/test/resources
2016-11-07 14:12:32,159 [Worker-52] INFO  o.e.m.c.i.p.ProjectConfigurationManager - Update completed: 0 sec
2016-11-07 14:12:32,565 [Worker-23] INFO  o.e.m.c.i.embedder.EclipseLogger - Using 'UTF-8' encoding to copy filtered resources.
2016-11-07 14:12:32,566 [Worker-23] INFO  o.e.m.c.i.embedder.EclipseLogger - Copying 17 resources
2016-11-07 14:12:32,697 [Worker-23] INFO  o.e.m.c.i.embedder.EclipseLogger - Using 'UTF-8' encoding to copy filtered resources.
2016-11-07 14:12:32,697 [Worker-23] INFO  o.e.m.c.i.embedder.EclipseLogger - Copying 0 resource
2016-11-07 14:12:35,933 [Worker-46] INFO  o.e.m.c.i.embedder.EclipseLogger - Using 'UTF-8' encoding to copy filtered resources.
2016-11-07 14:12:35,938 [Worker-46] INFO  o.e.m.c.i.embedder.EclipseLogger - Copying 17 resources
2016-11-07 14:12:35,943 [Worker-46] INFO  o.e.m.c.i.embedder.EclipseLogger - Using 'UTF-8' encoding to copy filtered resources.
2016-11-07 14:12:35,946 [Worker-46] INFO  o.e.m.c.i.embedder.EclipseLogger - Copying 0 resource
2016-11-07 14:12:57,778 [Worker-53] INFO  o.e.m.c.i.embedder.EclipseLogger - Using 'UTF-8' encoding to copy filtered resources.
2016-11-07 14:12:57,780 [Worker-53] INFO  o.e.m.c.i.embedder.EclipseLogger - Copying 17 resources
2016-11-07 14:12:57,787 [Worker-53] INFO  o.e.m.c.i.embedder.EclipseLogger - Using 'UTF-8' encoding to copy filtered resources.
2016-11-07 14:12:57,792 [Worker-53] INFO  o.e.m.c.i.embedder.EclipseLogger - Copying 0 resource
2016-11-07 14:13:10,141 [main] INFO  o.e.m2e.actions.ExecutePomAction - Creating new launch configuration
2016-11-07 14:13:12,111 [Worker-46] INFO  o.e.m.i.launch.MavenLaunchDelegate - C:\Users\Sylvain\Documents\Programming\School\SOEN343Project\Workspace\GetARoom
2016-11-07 14:13:12,116 [Worker-46] INFO  o.e.m.i.launch.MavenLaunchDelegate -  mvn -B package
2016-11-07 14:13:32,179 [Worker-52] INFO  o.e.m.c.i.l.LifecycleMappingFactory - Using org.eclipse.m2e.jdt.JarLifecycleMapping lifecycle mapping for MavenProject: com.soen343:getaroom:1.0-SNAPSHOT @ C:\Users\Sylvain\Documents\Programming\School\SOEN343Project\Workspace\GetARoom\pom.xml.
2016-11-07 14:13:32,718 [Worker-52] INFO  o.e.m.c.i.embedder.EclipseLogger - Using 'UTF-8' encoding to copy filtered resources.
2016-11-07 14:13:32,724 [Worker-52] INFO  o.e.m.c.i.embedder.EclipseLogger - Copying 0 resource
2016-11-07 14:13:32,729 [Worker-52] INFO  o.e.m.c.i.embedder.EclipseLogger - Using 'UTF-8' encoding to copy filtered resources.
2016-11-07 14:13:32,730 [Worker-52] INFO  o.e.m.c.i.embedder.EclipseLogger - Copying 0 resource
2016-11-07 14:13:34,169 [Worker-50] INFO  o.e.m.c.i.embedder.EclipseLogger - Using 'UTF-8' encoding to copy filtered resources.
2016-11-07 14:13:34,169 [Worker-50] INFO  o.e.m.c.i.embedder.EclipseLogger - Copying 0 resource
2016-11-07 14:13:34,173 [Worker-50] INFO  o.e.m.c.i.embedder.EclipseLogger - Using 'UTF-8' encoding to copy filtered resources.
2016-11-07 14:13:34,178 [Worker-50] INFO  o.e.m.c.i.embedder.EclipseLogger - Copying 0 resource
2016-11-07 14:13:37,907 [main] INFO  o.e.m2e.actions.ExecutePomAction - Creating new launch configuration
2016-11-07 14:13:39,952 [Worker-53] INFO  o.e.m.i.launch.MavenLaunchDelegate - C:\Users\Sylvain\Documents\Programming\School\SOEN343Project\Workspace\GetARoom
2016-11-07 14:13:39,958 [Worker-53] INFO  o.e.m.i.launch.MavenLaunchDelegate -  mvn -B package
2016-11-07 14:15:01,527 [Worker-48] INFO  o.e.m.c.i.embedder.EclipseLogger - Using 'UTF-8' encoding to copy filtered resources.
2016-11-07 14:15:01,530 [Worker-48] INFO  o.e.m.c.i.embedder.EclipseLogger - Copying 17 resources
2016-11-07 14:15:01,544 [Worker-48] INFO  o.e.m.c.i.embedder.EclipseLogger - Using 'UTF-8' encoding to copy filtered resources.
2016-11-07 14:15:01,554 [Worker-48] INFO  o.e.m.c.i.embedder.EclipseLogger - Copying 0 resource
2016-11-07 14:15:02,641 [Worker-54] INFO  o.e.m.c.i.embedder.EclipseLogger - Using 'UTF-8' encoding to copy filtered resources.
2016-11-07 14:15:02,642 [Worker-54] INFO  o.e.m.c.i.embedder.EclipseLogger - Copying 0 resource
2016-11-07 14:15:02,643 [Worker-54] INFO  o.e.m.c.i.embedder.EclipseLogger - Using 'UTF-8' encoding to copy filtered resources.
2016-11-07 14:15:02,655 [Worker-54] INFO  o.e.m.c.i.embedder.EclipseLogger - Copying 0 resource
2016-11-07 14:15:15,206 [main] INFO  o.e.m2e.actions.ExecutePomAction - Creating new launch configuration
2016-11-07 14:15:16,386 [Worker-51] INFO  o.e.m.i.launch.MavenLaunchDelegate - C:\Users\Sylvain\Documents\Programming\School\SOEN343Project\Workspace\GetARoom
2016-11-07 14:15:16,395 [Worker-51] INFO  o.e.m.i.launch.MavenLaunchDelegate -  mvn -B package
2016-11-07 14:16:44,906 [Worker-52] INFO  o.e.m.c.i.embedder.EclipseLogger - Using 'UTF-8' encoding to copy filtered resources.
2016-11-07 14:16:44,907 [Worker-52] INFO  o.e.m.c.i.embedder.EclipseLogger - Copying 0 resource
2016-11-07 14:16:44,916 [Worker-52] INFO  o.e.m.c.i.embedder.EclipseLogger - Using 'UTF-8' encoding to copy filtered resources.
2016-11-07 14:16:44,923 [Worker-52] INFO  o.e.m.c.i.embedder.EclipseLogger - Copying 0 resource
2016-11-07 14:16:45,948 [Worker-54] INFO  o.e.m.c.i.embedder.EclipseLogger - Using 'UTF-8' encoding to copy filtered resources.
2016-11-07 14:16:45,949 [Worker-54] INFO  o.e.m.c.i.embedder.EclipseLogger - Copying 0 resource
2016-11-07 14:16:45,950 [Worker-54] INFO  o.e.m.c.i.embedder.EclipseLogger - Using 'UTF-8' encoding to copy filtered resources.
2016-11-07 14:16:45,950 [Worker-54] INFO  o.e.m.c.i.embedder.EclipseLogger - Copying 0 resource
2016-11-07 14:16:47,492 [Worker-52] INFO  o.e.m.c.i.embedder.EclipseLogger - Using 'UTF-8' encoding to copy filtered resources.
2016-11-07 14:16:47,495 [Worker-52] INFO  o.e.m.c.i.embedder.EclipseLogger - Copying 17 resources
2016-11-07 14:16:47,503 [Worker-52] INFO  o.e.m.c.i.embedder.EclipseLogger - Using 'UTF-8' encoding to copy filtered resources.
2016-11-07 14:16:47,503 [Worker-52] INFO  o.e.m.c.i.embedder.EclipseLogger - Copying 0 resource
2016-11-07 14:17:58,340 [Worker-53] INFO  o.e.m.c.i.embedder.EclipseLogger - Using 'UTF-8' encoding to copy filtered resources.
2016-11-07 14:17:58,346 [Worker-53] INFO  o.e.m.c.i.embedder.EclipseLogger - Copying 17 resources
2016-11-07 14:17:58,350 [Worker-53] INFO  o.e.m.c.i.embedder.EclipseLogger - Using 'UTF-8' encoding to copy filtered resources.
2016-11-07 14:17:58,351 [Worker-53] INFO  o.e.m.c.i.embedder.EclipseLogger - Copying 0 resource
2016-11-07 14:18:02,060 [Worker-48] INFO  o.e.m.c.i.embedder.EclipseLogger - Using 'UTF-8' encoding to copy filtered resources.
2016-11-07 14:18:02,062 [Worker-48] INFO  o.e.m.c.i.embedder.EclipseLogger - Copying 17 resources
2016-11-07 14:18:02,068 [Worker-48] INFO  o.e.m.c.i.embedder.EclipseLogger - Using 'UTF-8' encoding to copy filtered resources.
2016-11-07 14:18:02,069 [Worker-48] INFO  o.e.m.c.i.embedder.EclipseLogger - Copying 0 resource
2016-11-07 14:18:09,852 [main] INFO  o.e.m2e.actions.ExecutePomAction - Creating new launch configuration
2016-11-07 14:18:12,436 [Worker-54] INFO  o.e.m.i.launch.MavenLaunchDelegate - C:\Users\Sylvain\Documents\Programming\School\SOEN343Project\Workspace\GetARoom
2016-11-07 14:18:12,436 [Worker-54] INFO  o.e.m.i.launch.MavenLaunchDelegate -  mvn -B package
2016-11-07 14:20:15,137 [Worker-51] INFO  o.e.m.c.i.embedder.EclipseLogger - Using 'UTF-8' encoding to copy filtered resources.
2016-11-07 14:20:15,137 [Worker-51] INFO  o.e.m.c.i.embedder.EclipseLogger - Copying 0 resource
2016-11-07 14:20:15,144 [Worker-51] INFO  o.e.m.c.i.embedder.EclipseLogger - Using 'UTF-8' encoding to copy filtered resources.
2016-11-07 14:20:15,150 [Worker-51] INFO  o.e.m.c.i.embedder.EclipseLogger - Copying 0 resource
2016-11-07 14:20:16,211 [Worker-48] INFO  o.e.m.c.i.embedder.EclipseLogger - Using 'UTF-8' encoding to copy filtered resources.
2016-11-07 14:20:16,212 [Worker-48] INFO  o.e.m.c.i.embedder.EclipseLogger - Copying 0 resource
2016-11-07 14:20:16,221 [Worker-48] INFO  o.e.m.c.i.embedder.EclipseLogger - Using 'UTF-8' encoding to copy filtered resources.
2016-11-07 14:20:16,227 [Worker-48] INFO  o.e.m.c.i.embedder.EclipseLogger - Copying 0 resource
2016-11-07 14:20:21,283 [Worker-54] INFO  o.e.m.c.i.embedder.EclipseLogger - Using 'UTF-8' encoding to copy filtered resources.
2016-11-07 14:20:21,283 [Worker-54] INFO  o.e.m.c.i.embedder.EclipseLogger - Copying 0 resource
2016-11-07 14:20:21,289 [Worker-54] INFO  o.e.m.c.i.embedder.EclipseLogger - Using 'UTF-8' encoding to copy filtered resources.
2016-11-07 14:20:21,295 [Worker-54] INFO  o.e.m.c.i.embedder.EclipseLogger - Copying 0 resource
2016-11-07 14:20:26,244 [main] INFO  o.e.m2e.actions.ExecutePomAction - Creating new launch configuration
2016-11-07 14:20:27,861 [Worker-51] INFO  o.e.m.i.launch.MavenLaunchDelegate - C:\Users\Sylvain\Documents\Programming\School\SOEN343Project\Workspace\GetARoom
2016-11-07 14:20:27,867 [Worker-51] INFO  o.e.m.i.launch.MavenLaunchDelegate -  mvn -B package
2016-11-07 14:21:03,122 [Worker-50] INFO  o.e.m.c.i.embedder.EclipseLogger - Using 'UTF-8' encoding to copy filtered resources.
2016-11-07 14:21:03,122 [Worker-50] INFO  o.e.m.c.i.embedder.EclipseLogger - Copying 0 resource
2016-11-07 14:21:03,128 [Worker-50] INFO  o.e.m.c.i.embedder.EclipseLogger - Using 'UTF-8' encoding to copy filtered resources.
2016-11-07 14:21:03,134 [Worker-50] INFO  o.e.m.c.i.embedder.EclipseLogger - Copying 0 resource
2016-11-07 14:21:04,148 [Worker-48] INFO  o.e.m.c.i.embedder.EclipseLogger - Using 'UTF-8' encoding to copy filtered resources.
2016-11-07 14:21:04,148 [Worker-48] INFO  o.e.m.c.i.embedder.EclipseLogger - Copying 0 resource
2016-11-07 14:21:04,154 [Worker-48] INFO  o.e.m.c.i.embedder.EclipseLogger - Using 'UTF-8' encoding to copy filtered resources.
2016-11-07 14:21:04,160 [Worker-48] INFO  o.e.m.c.i.embedder.EclipseLogger - Copying 0 resource
2016-11-07 14:21:49,907 [Worker-51] INFO  o.e.m.c.i.embedder.EclipseLogger - Using 'UTF-8' encoding to copy filtered resources.
2016-11-07 14:21:49,909 [Worker-51] INFO  o.e.m.c.i.embedder.EclipseLogger - Copying 17 resources
2016-11-07 14:21:49,916 [Worker-51] INFO  o.e.m.c.i.embedder.EclipseLogger - Using 'UTF-8' encoding to copy filtered resources.
2016-11-07 14:21:49,921 [Worker-51] INFO  o.e.m.c.i.embedder.EclipseLogger - Copying 0 resource
2016-11-07 14:22:12,029 [Worker-55] INFO  o.e.m.c.i.embedder.EclipseLogger - Using 'UTF-8' encoding to copy filtered resources.
2016-11-07 14:22:12,030 [Worker-55] INFO  o.e.m.c.i.embedder.EclipseLogger - Copying 17 resources
2016-11-07 14:22:12,038 [Worker-55] INFO  o.e.m.c.i.embedder.EclipseLogger - Using 'UTF-8' encoding to copy filtered resources.
2016-11-07 14:22:12,042 [Worker-55] INFO  o.e.m.c.i.embedder.EclipseLogger - Copying 0 resource
2016-11-07 14:22:25,526 [main] INFO  o.e.m2e.actions.ExecutePomAction - Creating new launch configuration
2016-11-07 14:22:27,292 [Worker-49] INFO  o.e.m.i.launch.MavenLaunchDelegate - C:\Users\Sylvain\Documents\Programming\School\SOEN343Project\Workspace\GetARoom
2016-11-07 14:22:27,298 [Worker-49] INFO  o.e.m.i.launch.MavenLaunchDelegate -  mvn -B package
2016-11-07 14:23:36,980 [Worker-51] INFO  o.e.m.c.i.embedder.EclipseLogger - Using 'UTF-8' encoding to copy filtered resources.
2016-11-07 14:23:36,980 [Worker-51] INFO  o.e.m.c.i.embedder.EclipseLogger - Copying 0 resource
2016-11-07 14:23:36,986 [Worker-51] INFO  o.e.m.c.i.embedder.EclipseLogger - Using 'UTF-8' encoding to copy filtered resources.
2016-11-07 14:23:36,991 [Worker-51] INFO  o.e.m.c.i.embedder.EclipseLogger - Copying 0 resource
2016-11-07 14:23:37,997 [Worker-48] INFO  o.e.m.c.i.embedder.EclipseLogger - Using 'UTF-8' encoding to copy filtered resources.
2016-11-07 14:23:37,998 [Worker-48] INFO  o.e.m.c.i.embedder.EclipseLogger - Copying 0 resource
2016-11-07 14:23:37,998 [Worker-48] INFO  o.e.m.c.i.embedder.EclipseLogger - Using 'UTF-8' encoding to copy filtered resources.
2016-11-07 14:23:38,003 [Worker-48] INFO  o.e.m.c.i.embedder.EclipseLogger - Copying 0 resource
2016-11-07 14:24:10,943 [Worker-51] INFO  o.e.m.c.i.embedder.EclipseLogger - Using 'UTF-8' encoding to copy filtered resources.
2016-11-07 14:24:10,945 [Worker-51] INFO  o.e.m.c.i.embedder.EclipseLogger - Copying 17 resources
2016-11-07 14:24:10,951 [Worker-51] INFO  o.e.m.c.i.embedder.EclipseLogger - Using 'UTF-8' encoding to copy filtered resources.
2016-11-07 14:24:10,956 [Worker-51] INFO  o.e.m.c.i.embedder.EclipseLogger - Copying 0 resource
2016-11-07 14:24:40,405 [Worker-51] INFO  o.e.m.i.launch.MavenLaunchDelegate - C:\Users\Sylvain\Documents\Programming\School\SOEN343Project\Workspace\GetARoom
2016-11-07 14:24:40,406 [Worker-51] INFO  o.e.m.i.launch.MavenLaunchDelegate -  mvn -B package
2016-11-07 14:24:40,567 [Worker-54] INFO  o.e.m.c.i.embedder.EclipseLogger - Using 'UTF-8' encoding to copy filtered resources.
2016-11-07 14:24:40,569 [Worker-54] INFO  o.e.m.c.i.embedder.EclipseLogger - Copying 17 resources
2016-11-07 14:24:40,576 [Worker-54] INFO  o.e.m.c.i.embedder.EclipseLogger - Using 'UTF-8' encoding to copy filtered resources.
2016-11-07 14:24:40,582 [Worker-54] INFO  o.e.m.c.i.embedder.EclipseLogger - Copying 0 resource
2016-11-07 14:25:52,982 [Worker-54] INFO  o.e.m.c.i.embedder.EclipseLogger - Using 'UTF-8' encoding to copy filtered resources.
2016-11-07 14:25:52,985 [Worker-54] INFO  o.e.m.c.i.embedder.EclipseLogger - Copying 17 resources
2016-11-07 14:25:52,994 [Worker-54] INFO  o.e.m.c.i.embedder.EclipseLogger - Using 'UTF-8' encoding to copy filtered resources.
2016-11-07 14:25:53,000 [Worker-54] INFO  o.e.m.c.i.embedder.EclipseLogger - Copying 0 resource
2016-11-07 14:25:54,081 [Worker-54] INFO  o.e.m.c.i.embedder.EclipseLogger - Using 'UTF-8' encoding to copy filtered resources.
2016-11-07 14:25:54,081 [Worker-54] INFO  o.e.m.c.i.embedder.EclipseLogger - Copying 0 resource
2016-11-07 14:25:54,089 [Worker-54] INFO  o.e.m.c.i.embedder.EclipseLogger - Using 'UTF-8' encoding to copy filtered resources.
2016-11-07 14:25:54,094 [Worker-54] INFO  o.e.m.c.i.embedder.EclipseLogger - Copying 0 resource
2016-11-07 14:29:08,879 [Worker-59] INFO  o.e.m.c.i.embedder.EclipseLogger - Using 'UTF-8' encoding to copy filtered resources.
2016-11-07 14:29:08,880 [Worker-59] INFO  o.e.m.c.i.embedder.EclipseLogger - Copying 0 resource
2016-11-07 14:29:08,885 [Worker-59] INFO  o.e.m.c.i.embedder.EclipseLogger - Using 'UTF-8' encoding to copy filtered resources.
2016-11-07 14:29:08,889 [Worker-59] INFO  o.e.m.c.i.embedder.EclipseLogger - Copying 0 resource
2016-11-07 14:29:14,677 [Worker-55] INFO  o.e.m.c.i.embedder.EclipseLogger - Using 'UTF-8' encoding to copy filtered resources.
2016-11-07 14:29:14,677 [Worker-55] INFO  o.e.m.c.i.embedder.EclipseLogger - Copying 0 resource
2016-11-07 14:29:14,682 [Worker-55] INFO  o.e.m.c.i.embedder.EclipseLogger - Using 'UTF-8' encoding to copy filtered resources.
2016-11-07 14:29:14,686 [Worker-55] INFO  o.e.m.c.i.embedder.EclipseLogger - Copying 0 resource
2016-11-07 14:29:31,575 [Worker-48] INFO  o.e.m.c.i.embedder.EclipseLogger - Using 'UTF-8' encoding to copy filtered resources.
2016-11-07 14:29:31,577 [Worker-48] INFO  o.e.m.c.i.embedder.EclipseLogger - Copying 17 resources
2016-11-07 14:29:31,581 [Worker-48] INFO  o.e.m.c.i.embedder.EclipseLogger - Using 'UTF-8' encoding to copy filtered resources.
2016-11-07 14:29:31,584 [Worker-48] INFO  o.e.m.c.i.embedder.EclipseLogger - Copying 0 resource
2016-11-07 14:30:42,463 [Worker-60] INFO  o.e.m.c.i.embedder.EclipseLogger - Using 'UTF-8' encoding to copy filtered resources.
2016-11-07 14:30:42,466 [Worker-60] INFO  o.e.m.c.i.embedder.EclipseLogger - Copying 17 resources
2016-11-07 14:30:42,471 [Worker-60] INFO  o.e.m.c.i.embedder.EclipseLogger - Using 'UTF-8' encoding to copy filtered resources.
2016-11-07 14:30:42,475 [Worker-60] INFO  o.e.m.c.i.embedder.EclipseLogger - Copying 0 resource
2016-11-07 14:30:52,775 [Worker-61] INFO  o.e.m.i.launch.MavenLaunchDelegate - C:\Users\Sylvain\Documents\Programming\School\SOEN343Project\Workspace\GetARoom
2016-11-07 14:30:52,780 [Worker-61] INFO  o.e.m.i.launch.MavenLaunchDelegate -  mvn -B package
2016-11-07 14:31:42,682 [Worker-62] INFO  o.e.m.c.i.embedder.EclipseLogger - Using 'UTF-8' encoding to copy filtered resources.
2016-11-07 14:31:42,682 [Worker-62] INFO  o.e.m.c.i.embedder.EclipseLogger - Copying 0 resource
2016-11-07 14:31:42,686 [Worker-62] INFO  o.e.m.c.i.embedder.EclipseLogger - Using 'UTF-8' encoding to copy filtered resources.
2016-11-07 14:31:42,690 [Worker-62] INFO  o.e.m.c.i.embedder.EclipseLogger - Copying 0 resource
2016-11-07 14:32:19,072 [Worker-58] INFO  o.e.m.c.i.embedder.EclipseLogger - Using 'UTF-8' encoding to copy filtered resources.
2016-11-07 14:32:19,072 [Worker-58] INFO  o.e.m.c.i.embedder.EclipseLogger - Copying 0 resource
2016-11-07 14:32:19,073 [Worker-58] INFO  o.e.m.c.i.embedder.EclipseLogger - Using 'UTF-8' encoding to copy filtered resources.
2016-11-07 14:32:19,078 [Worker-58] INFO  o.e.m.c.i.embedder.EclipseLogger - Copying 0 resource
2016-11-07 14:33:45,793 [Worker-58] INFO  o.e.m.c.i.embedder.EclipseLogger - Using 'UTF-8' encoding to copy filtered resources.
2016-11-07 14:33:45,795 [Worker-58] INFO  o.e.m.c.i.embedder.EclipseLogger - Copying 17 resources
2016-11-07 14:33:45,799 [Worker-58] INFO  o.e.m.c.i.embedder.EclipseLogger - Using 'UTF-8' encoding to copy filtered resources.
2016-11-07 14:33:45,803 [Worker-58] INFO  o.e.m.c.i.embedder.EclipseLogger - Copying 0 resource
2016-11-07 14:33:51,592 [Worker-50] INFO  o.e.m.i.launch.MavenLaunchDelegate - C:\Users\Sylvain\Documents\Programming\School\SOEN343Project\Workspace\GetARoom
2016-11-07 14:33:51,592 [Worker-50] INFO  o.e.m.i.launch.MavenLaunchDelegate -  mvn -B package
2016-11-07 14:34:32,187 [Worker-50] INFO  o.e.m.c.i.embedder.EclipseLogger - Using 'UTF-8' encoding to copy filtered resources.
2016-11-07 14:34:32,187 [Worker-50] INFO  o.e.m.c.i.embedder.EclipseLogger - Copying 0 resource
2016-11-07 14:34:32,191 [Worker-50] INFO  o.e.m.c.i.embedder.EclipseLogger - Using 'UTF-8' encoding to copy filtered resources.
2016-11-07 14:34:32,194 [Worker-50] INFO  o.e.m.c.i.embedder.EclipseLogger - Copying 0 resource
2016-11-07 14:34:36,490 [Worker-66] INFO  o.e.m.c.i.embedder.EclipseLogger - Using 'UTF-8' encoding to copy filtered resources.
2016-11-07 14:34:36,492 [Worker-66] INFO  o.e.m.c.i.embedder.EclipseLogger - Copying 17 resources
2016-11-07 14:34:36,497 [Worker-66] INFO  o.e.m.c.i.embedder.EclipseLogger - Using 'UTF-8' encoding to copy filtered resources.
2016-11-07 14:34:36,501 [Worker-66] INFO  o.e.m.c.i.embedder.EclipseLogger - Copying 0 resource
2016-11-07 14:34:42,139 [Worker-61] INFO  o.e.m.i.launch.MavenLaunchDelegate - C:\Users\Sylvain\Documents\Programming\School\SOEN343Project\Workspace\GetARoom
2016-11-07 14:34:42,144 [Worker-61] INFO  o.e.m.i.launch.MavenLaunchDelegate -  mvn -B package
2016-11-07 14:37:23,200 [Worker-64] INFO  o.e.m.c.i.embedder.EclipseLogger - Using 'UTF-8' encoding to copy filtered resources.
2016-11-07 14:37:23,200 [Worker-64] INFO  o.e.m.c.i.embedder.EclipseLogger - Copying 0 resource
2016-11-07 14:37:23,205 [Worker-64] INFO  o.e.m.c.i.embedder.EclipseLogger - Using 'UTF-8' encoding to copy filtered resources.
2016-11-07 14:37:23,210 [Worker-64] INFO  o.e.m.c.i.embedder.EclipseLogger - Copying 0 resource
2016-11-07 14:37:24,260 [Worker-64] INFO  o.e.m.c.i.embedder.EclipseLogger - Using 'UTF-8' encoding to copy filtered resources.
2016-11-07 14:37:24,260 [Worker-64] INFO  o.e.m.c.i.embedder.EclipseLogger - Copying 0 resource
2016-11-07 14:37:24,261 [Worker-64] INFO  o.e.m.c.i.embedder.EclipseLogger - Using 'UTF-8' encoding to copy filtered resources.
2016-11-07 14:37:24,265 [Worker-64] INFO  o.e.m.c.i.embedder.EclipseLogger - Copying 0 resource
2016-11-07 14:38:29,946 [Worker-48] INFO  o.e.m.c.i.l.LifecycleMappingFactory - Using org.eclipse.m2e.jdt.JarLifecycleMapping lifecycle mapping for MavenProject: com.soen343:getaroom:1.0-SNAPSHOT @ C:\Users\Sylvain\Documents\Programming\School\SOEN343Project\Workspace\GetARoom\pom.xml.
2016-11-07 14:38:30,542 [Worker-48] INFO  o.e.m.c.i.embedder.EclipseLogger - Using 'UTF-8' encoding to copy filtered resources.
2016-11-07 14:38:30,546 [Worker-48] INFO  o.e.m.c.i.embedder.EclipseLogger - Copying 0 resource
2016-11-07 14:38:30,551 [Worker-48] INFO  o.e.m.c.i.embedder.EclipseLogger - Using 'UTF-8' encoding to copy filtered resources.
2016-11-07 14:38:30,551 [Worker-48] INFO  o.e.m.c.i.embedder.EclipseLogger - Copying 0 resource
2016-11-07 14:38:32,050 [Worker-48] INFO  o.e.m.c.i.embedder.EclipseLogger - Using 'UTF-8' encoding to copy filtered resources.
2016-11-07 14:38:32,052 [Worker-48] INFO  o.e.m.c.i.embedder.EclipseLogger - Copying 17 resources
2016-11-07 14:38:32,235 [Worker-48] INFO  o.e.m.c.i.embedder.EclipseLogger - Using 'UTF-8' encoding to copy filtered resources.
2016-11-07 14:38:32,239 [Worker-48] INFO  o.e.m.c.i.embedder.EclipseLogger - Copying 0 resource
2016-11-07 14:38:40,073 [Worker-69] INFO  o.e.m.c.i.p.ProjectConfigurationManager - Update started
2016-11-07 14:38:40,347 [Worker-69] INFO  o.e.m.c.i.l.LifecycleMappingFactory - Using org.eclipse.m2e.jdt.JarLifecycleMapping lifecycle mapping for MavenProject: com.soen343:getaroom:1.0-SNAPSHOT @ C:\Users\Sylvain\Documents\Programming\School\SOEN343Project\Workspace\GetARoom\pom.xml.
2016-11-07 14:38:40,756 [Worker-69] INFO  o.e.m.j.i.AbstractJavaProjectConfigurator - Adding source folder /GetARoom/src/main/java
2016-11-07 14:38:40,760 [Worker-69] INFO  o.e.m.j.i.AbstractJavaProjectConfigurator - Adding resource folder /GetARoom/src/main/resources
2016-11-07 14:38:40,765 [Worker-69] INFO  o.e.m.j.i.AbstractJavaProjectConfigurator - Adding source folder /GetARoom/src/test/java
2016-11-07 14:38:40,766 [Worker-69] INFO  o.e.m.j.i.AbstractJavaProjectConfigurator - Adding resource folder /GetARoom/src/test/resources
2016-11-07 14:38:40,911 [Worker-69] INFO  o.e.m.c.i.p.ProjectConfigurationManager - Update completed: 0 sec
2016-11-07 14:38:41,279 [Worker-67] INFO  o.e.m.c.i.embedder.EclipseLogger - Using 'UTF-8' encoding to copy filtered resources.
2016-11-07 14:38:41,280 [Worker-67] INFO  o.e.m.c.i.embedder.EclipseLogger - Copying 17 resources
2016-11-07 14:38:41,424 [Worker-67] INFO  o.e.m.c.i.embedder.EclipseLogger - Using 'UTF-8' encoding to copy filtered resources.
2016-11-07 14:38:41,427 [Worker-67] INFO  o.e.m.c.i.embedder.EclipseLogger - Copying 0 resource
2016-11-07 14:39:34,685 [Worker-67] INFO  o.e.m.c.i.embedder.EclipseLogger - Using 'UTF-8' encoding to copy filtered resources.
2016-11-07 14:39:34,688 [Worker-67] INFO  o.e.m.c.i.embedder.EclipseLogger - Copying 17 resources
2016-11-07 14:39:34,690 [Worker-67] INFO  o.e.m.c.i.embedder.EclipseLogger - Using 'UTF-8' encoding to copy filtered resources.
2016-11-07 14:39:34,693 [Worker-67] INFO  o.e.m.c.i.embedder.EclipseLogger - Copying 0 resource
2016-11-07 14:39:46,234 [Worker-68] INFO  o.e.m.i.launch.MavenLaunchDelegate - C:\Users\Sylvain\Documents\Programming\School\SOEN343Project\Workspace\GetARoom
2016-11-07 14:39:46,238 [Worker-68] INFO  o.e.m.i.launch.MavenLaunchDelegate -  mvn -B package
2016-11-07 14:43:16,181 [Worker-69] INFO  o.e.m.c.i.embedder.EclipseLogger - Using 'UTF-8' encoding to copy filtered resources.
2016-11-07 14:43:16,184 [Worker-69] INFO  o.e.m.c.i.embedder.EclipseLogger - Copying 17 resources
2016-11-07 14:43:16,189 [Worker-69] INFO  o.e.m.c.i.embedder.EclipseLogger - Using 'UTF-8' encoding to copy filtered resources.
2016-11-07 14:43:16,193 [Worker-69] INFO  o.e.m.c.i.embedder.EclipseLogger - Copying 0 resource
2016-11-07 14:43:17,221 [Worker-72] INFO  o.e.m.c.i.embedder.EclipseLogger - Using 'UTF-8' encoding to copy filtered resources.
2016-11-07 14:43:17,221 [Worker-72] INFO  o.e.m.c.i.embedder.EclipseLogger - Copying 0 resource
2016-11-07 14:43:17,227 [Worker-72] INFO  o.e.m.c.i.embedder.EclipseLogger - Using 'UTF-8' encoding to copy filtered resources.
2016-11-07 14:43:17,232 [Worker-72] INFO  o.e.m.c.i.embedder.EclipseLogger - Copying 0 resource
2016-11-07 14:43:46,901 [Worker-72] INFO  o.e.m.c.i.embedder.EclipseLogger - Using 'UTF-8' encoding to copy filtered resources.
2016-11-07 14:43:46,902 [Worker-72] INFO  o.e.m.c.i.embedder.EclipseLogger - Copying 0 resource
2016-11-07 14:43:46,905 [Worker-72] INFO  o.e.m.c.i.embedder.EclipseLogger - Using 'UTF-8' encoding to copy filtered resources.
2016-11-07 14:43:46,910 [Worker-72] INFO  o.e.m.c.i.embedder.EclipseLogger - Copying 0 resource
2016-11-07 14:43:53,021 [Worker-48] INFO  o.e.m.i.launch.MavenLaunchDelegate - C:\Users\Sylvain\Documents\Programming\School\SOEN343Project\Workspace\GetARoom
2016-11-07 14:43:53,025 [Worker-48] INFO  o.e.m.i.launch.MavenLaunchDelegate -  mvn -B package
2016-11-07 14:43:53,240 [Worker-72] INFO  o.e.m.c.i.embedder.EclipseLogger - Using 'UTF-8' encoding to copy filtered resources.
2016-11-07 14:43:53,243 [Worker-72] INFO  o.e.m.c.i.embedder.EclipseLogger - Copying 17 resources
2016-11-07 14:43:53,245 [Worker-72] INFO  o.e.m.c.i.embedder.EclipseLogger - Using 'UTF-8' encoding to copy filtered resources.
2016-11-07 14:43:53,253 [Worker-72] INFO  o.e.m.c.i.embedder.EclipseLogger - Copying 0 resource
2016-11-07 14:45:49,947 [Worker-69] INFO  o.e.m.c.i.embedder.EclipseLogger - Using 'UTF-8' encoding to copy filtered resources.
2016-11-07 14:45:49,947 [Worker-69] INFO  o.e.m.c.i.embedder.EclipseLogger - Copying 0 resource
2016-11-07 14:45:49,948 [Worker-69] INFO  o.e.m.c.i.embedder.EclipseLogger - Using 'UTF-8' encoding to copy filtered resources.
2016-11-07 14:45:49,951 [Worker-69] INFO  o.e.m.c.i.embedder.EclipseLogger - Copying 0 resource
2016-11-07 14:45:50,963 [Worker-76] INFO  o.e.m.c.i.embedder.EclipseLogger - Using 'UTF-8' encoding to copy filtered resources.
2016-11-07 14:45:50,963 [Worker-76] INFO  o.e.m.c.i.embedder.EclipseLogger - Copying 0 resource
2016-11-07 14:45:50,970 [Worker-76] INFO  o.e.m.c.i.embedder.EclipseLogger - Using 'UTF-8' encoding to copy filtered resources.
2016-11-07 14:45:50,975 [Worker-76] INFO  o.e.m.c.i.embedder.EclipseLogger - Copying 0 resource
2016-11-07 15:04:02,487 [Worker-78] INFO  o.e.m.c.i.embedder.EclipseLogger - Using 'UTF-8' encoding to copy filtered resources.
2016-11-07 15:04:02,489 [Worker-78] INFO  o.e.m.c.i.embedder.EclipseLogger - Copying 0 resource
2016-11-07 15:04:02,491 [Worker-78] INFO  o.e.m.c.i.embedder.EclipseLogger - Using 'UTF-8' encoding to copy filtered resources.
2016-11-07 15:04:02,501 [Worker-78] INFO  o.e.m.c.i.embedder.EclipseLogger - Copying 0 resource
2016-11-07 15:04:03,562 [Worker-78] INFO  o.e.m.c.i.embedder.EclipseLogger - Using 'UTF-8' encoding to copy filtered resources.
2016-11-07 15:04:03,607 [Worker-78] INFO  o.e.m.c.i.embedder.EclipseLogger - Copying 1 resource
2016-11-07 15:04:03,639 [Worker-78] INFO  o.e.m.c.i.embedder.EclipseLogger - Using 'UTF-8' encoding to copy filtered resources.
2016-11-07 15:04:03,738 [Worker-78] INFO  o.e.m.c.i.embedder.EclipseLogger - Copying 0 resource
2016-11-07 15:04:15,887 [Worker-85] INFO  o.e.m.c.i.embedder.EclipseLogger - Using 'UTF-8' encoding to copy filtered resources.
2016-11-07 15:04:16,921 [Worker-85] INFO  o.e.m.c.i.embedder.EclipseLogger - Copying 11143 resources
2016-11-07 15:05:29,815 [Worker-85] INFO  o.e.m.c.i.embedder.EclipseLogger - Using 'UTF-8' encoding to copy filtered resources.
2016-11-07 15:05:29,820 [Worker-85] INFO  o.e.m.c.i.embedder.EclipseLogger - Copying 0 resource
2016-11-07 15:10:44,067 [Worker-90] INFO  o.e.m.i.launch.MavenLaunchDelegate - C:\Users\Sylvain\Documents\Programming\School\SOEN343Project\Workspace\GetARoom
2016-11-07 15:10:44,070 [Worker-90] INFO  o.e.m.i.launch.MavenLaunchDelegate -  mvn -B package
2016-11-07 15:11:26,647 [Worker-91] INFO  o.e.m.c.i.embedder.EclipseLogger - Using 'UTF-8' encoding to copy filtered resources.
2016-11-07 15:11:26,648 [Worker-91] INFO  o.e.m.c.i.embedder.EclipseLogger - Copying 55 resources
2016-11-07 15:11:26,660 [Worker-91] INFO  o.e.m.c.i.embedder.EclipseLogger - Using 'UTF-8' encoding to copy filtered resources.
2016-11-07 15:11:26,665 [Worker-91] INFO  o.e.m.c.i.embedder.EclipseLogger - Copying 0 resource
2016-11-07 15:11:27,738 [Worker-91] INFO  o.e.m.c.i.embedder.EclipseLogger - Using 'UTF-8' encoding to copy filtered resources.
2016-11-07 15:11:27,738 [Worker-91] INFO  o.e.m.c.i.embedder.EclipseLogger - Copying 0 resource
2016-11-07 15:11:27,742 [Worker-91] INFO  o.e.m.c.i.embedder.EclipseLogger - Using 'UTF-8' encoding to copy filtered resources.
2016-11-07 15:11:27,745 [Worker-91] INFO  o.e.m.c.i.embedder.EclipseLogger - Copying 0 resource
2016-11-07 15:11:39,146 [Worker-89] INFO  o.e.m.c.i.embedder.EclipseLogger - Using 'UTF-8' encoding to copy filtered resources.
2016-11-07 15:11:39,150 [Worker-89] INFO  o.e.m.c.i.embedder.EclipseLogger - Copying 57 resources
2016-11-07 15:11:39,158 [Worker-89] INFO  o.e.m.c.i.embedder.EclipseLogger - Using 'UTF-8' encoding to copy filtered resources.
2016-11-07 15:11:39,162 [Worker-89] INFO  o.e.m.c.i.embedder.EclipseLogger - Copying 0 resource
2016-11-07 15:11:58,325 [Worker-90] INFO  o.e.m.i.launch.MavenLaunchDelegate - C:\Users\Sylvain\Documents\Programming\School\SOEN343Project\Workspace\GetARoom
2016-11-07 15:11:58,331 [Worker-90] INFO  o.e.m.i.launch.MavenLaunchDelegate -  mvn -B package
2016-11-07 15:42:41,009 [Worker-1] INFO  c.g.t.t.d.PublishedGradleVersions - Gradle version information cache is up-to-date. Trying to read.
2016-11-07 15:42:47,911 [Worker-3] INFO  o.e.m.c.i.l.LifecycleMappingFactory - Using org.eclipse.m2e.jdt.JarLifecycleMapping lifecycle mapping for MavenProject: com.soen343:getaroom:1.0-SNAPSHOT @ C:\Users\mihai\OneDrive\Documents\GitHub\SOEN343Project\Workspace\GetARoom\pom.xml.
2016-11-07 15:42:51,024 [Worker-3] INFO  o.e.m.c.i.embedder.EclipseLogger - Using 'UTF-8' encoding to copy filtered resources.
2016-11-07 15:42:51,035 [Worker-3] INFO  o.e.m.c.i.embedder.EclipseLogger - Copying 57 resources
2016-11-07 15:42:52,425 [Worker-1] INFO  o.e.m.c.i.l.LifecycleMappingFactory - Using org.eclipse.m2e.jdt.JarLifecycleMapping lifecycle mapping for MavenProject: com.soen343:getaroom:1.0-SNAPSHOT @ C:\Users\mihai\OneDrive\Documents\GitHub\SOEN343Project\Workspace\GetARoom\pom.xml.
2016-11-07 15:42:53,460 [Worker-3] INFO  o.e.m.c.i.embedder.EclipseLogger - Using 'UTF-8' encoding to copy filtered resources.
2016-11-07 15:42:53,461 [Worker-3] INFO  o.e.m.c.i.embedder.EclipseLogger - skip non existing resourceDirectory C:\Users\mihai\OneDrive\Documents\GitHub\SOEN343Project\Workspace\GetARoom\src\test\resources
2016-11-07 15:42:55,623 [Worker-12] INFO  o.e.m.c.i.embedder.EclipseLogger - Using 'UTF-8' encoding to copy filtered resources.
2016-11-07 15:42:55,627 [Worker-12] INFO  o.e.m.c.i.embedder.EclipseLogger - Copying 0 resource
2016-11-07 15:42:55,633 [Worker-12] INFO  o.e.m.c.i.embedder.EclipseLogger - Using 'UTF-8' encoding to copy filtered resources.
2016-11-07 15:42:55,633 [Worker-12] INFO  o.e.m.c.i.embedder.EclipseLogger - skip non existing resourceDirectory C:\Users\mihai\OneDrive\Documents\GitHub\SOEN343Project\Workspace\GetARoom\src\test\resources
2016-11-07 15:43:02,827 [Worker-2] INFO  o.e.m.c.i.p.ProjectConfigurationManager - Update started
2016-11-07 15:43:03,732 [Worker-2] INFO  o.e.m.c.i.l.LifecycleMappingFactory - Using org.eclipse.m2e.jdt.JarLifecycleMapping lifecycle mapping for MavenProject: com.soen343:getaroom:1.0-SNAPSHOT @ C:\Users\mihai\OneDrive\Documents\GitHub\SOEN343Project\Workspace\GetARoom\pom.xml.
2016-11-07 15:43:04,597 [Worker-2] INFO  o.e.m.j.i.AbstractJavaProjectConfigurator - Adding source folder /GetARoom/src/main/java
2016-11-07 15:43:04,599 [Worker-2] INFO  o.e.m.j.i.AbstractJavaProjectConfigurator - Adding resource folder /GetARoom/src/main/resources
2016-11-07 15:43:04,601 [Worker-2] INFO  o.e.m.j.i.AbstractJavaProjectConfigurator - Adding source folder /GetARoom/src/test/java
2016-11-07 15:43:04,925 [Worker-2] INFO  o.e.m.c.i.p.ProjectConfigurationManager - Update completed: 2 sec
2016-11-07 15:43:05,728 [Worker-19] INFO  o.e.m.c.i.embedder.EclipseLogger - Using 'UTF-8' encoding to copy filtered resources.
2016-11-07 15:43:05,730 [Worker-19] INFO  o.e.m.c.i.embedder.EclipseLogger - Copying 57 resources
2016-11-07 15:43:06,440 [Worker-19] INFO  o.e.m.c.i.embedder.EclipseLogger - Using 'UTF-8' encoding to copy filtered resources.
2016-11-07 15:43:06,447 [Worker-19] INFO  o.e.m.c.i.embedder.EclipseLogger - skip non existing resourceDirectory C:\Users\mihai\OneDrive\Documents\GitHub\SOEN343Project\Workspace\GetARoom\src\test\resources
